<?xml version="1.0" encoding="UTF-8"?>
<testsuite xmlns:xsi="http://www.w3.org/2001/XMLSchema-instance" xsi:noNamespaceSchemaLocation="https://maven.apache.org/surefire/maven-surefire-plugin/xsd/surefire-test-report.xsd" name="com.majianglearn.majiangcommunity.MajiangcommunityApplicationTests" time="2.015" tests="1" errors="0" skipped="0" failures="0">
  <properties>
    <property name="sun.desktop" value="windows"/>
    <property name="awt.toolkit" value="sun.awt.windows.WToolkit"/>
    <property name="file.encoding.pkg" value="sun.io"/>
    <property name="java.specification.version" value="1.8"/>
    <property name="sun.cpu.isalist" value="amd64"/>
    <property name="sun.jnu.encoding" value="GBK"/>
    <property name="java.class.path" value="E:\GitDemo\majiangcommunity\target\test-classes;E:\GitDemo\majiangcommunity\target\classes;D:\maven_work\maven_repository\org\springframework\boot\spring-boot-starter-web\2.5.2\spring-boot-starter-web-2.5.2.jar;D:\maven_work\maven_repository\org\springframework\boot\spring-boot-starter\2.5.2\spring-boot-starter-2.5.2.jar;D:\maven_work\maven_repository\org\springframework\boot\spring-boot\2.5.2\spring-boot-2.5.2.jar;D:\maven_work\maven_repository\org\springframework\boot\spring-boot-autoconfigure\2.5.2\spring-boot-autoconfigure-2.5.2.jar;D:\maven_work\maven_repository\org\springframework\boot\spring-boot-starter-logging\2.5.2\spring-boot-starter-logging-2.5.2.jar;D:\maven_work\maven_repository\ch\qos\logback\logback-classic\1.2.3\logback-classic-1.2.3.jar;D:\maven_work\maven_repository\ch\qos\logback\logback-core\1.2.3\logback-core-1.2.3.jar;D:\maven_work\maven_repository\org\apache\logging\log4j\log4j-to-slf4j\2.14.1\log4j-to-slf4j-2.14.1.jar;D:\maven_work\maven_repository\org\apache\logging\log4j\log4j-api\2.14.1\log4j-api-2.14.1.jar;D:\maven_work\maven_repository\org\slf4j\jul-to-slf4j\1.7.31\jul-to-slf4j-1.7.31.jar;D:\maven_work\maven_repository\jakarta\annotation\jakarta.annotation-api\1.3.5\jakarta.annotation-api-1.3.5.jar;D:\maven_work\maven_repository\org\yaml\snakeyaml\1.28\snakeyaml-1.28.jar;D:\maven_work\maven_repository\org\springframework\boot\spring-boot-starter-json\2.5.2\spring-boot-starter-json-2.5.2.jar;D:\maven_work\maven_repository\com\fasterxml\jackson\core\jackson-databind\2.12.3\jackson-databind-2.12.3.jar;D:\maven_work\maven_repository\com\fasterxml\jackson\core\jackson-annotations\2.12.3\jackson-annotations-2.12.3.jar;D:\maven_work\maven_repository\com\fasterxml\jackson\core\jackson-core\2.12.3\jackson-core-2.12.3.jar;D:\maven_work\maven_repository\com\fasterxml\jackson\datatype\jackson-datatype-jdk8\2.12.3\jackson-datatype-jdk8-2.12.3.jar;D:\maven_work\maven_repository\com\fasterxml\jackson\datatype\jackson-datatype-jsr310\2.12.3\jackson-datatype-jsr310-2.12.3.jar;D:\maven_work\maven_repository\com\fasterxml\jackson\module\jackson-module-parameter-names\2.12.3\jackson-module-parameter-names-2.12.3.jar;D:\maven_work\maven_repository\org\springframework\boot\spring-boot-starter-tomcat\2.5.2\spring-boot-starter-tomcat-2.5.2.jar;D:\maven_work\maven_repository\org\apache\tomcat\embed\tomcat-embed-core\9.0.48\tomcat-embed-core-9.0.48.jar;D:\maven_work\maven_repository\org\apache\tomcat\embed\tomcat-embed-el\9.0.48\tomcat-embed-el-9.0.48.jar;D:\maven_work\maven_repository\org\apache\tomcat\embed\tomcat-embed-websocket\9.0.48\tomcat-embed-websocket-9.0.48.jar;D:\maven_work\maven_repository\org\springframework\spring-web\5.3.8\spring-web-5.3.8.jar;D:\maven_work\maven_repository\org\springframework\spring-beans\5.3.8\spring-beans-5.3.8.jar;D:\maven_work\maven_repository\org\springframework\spring-webmvc\5.3.8\spring-webmvc-5.3.8.jar;D:\maven_work\maven_repository\org\springframework\spring-aop\5.3.8\spring-aop-5.3.8.jar;D:\maven_work\maven_repository\org\springframework\spring-context\5.3.8\spring-context-5.3.8.jar;D:\maven_work\maven_repository\org\springframework\spring-expression\5.3.8\spring-expression-5.3.8.jar;D:\maven_work\maven_repository\org\springframework\boot\spring-boot-starter-thymeleaf\2.2.4.RELEASE\spring-boot-starter-thymeleaf-2.2.4.RELEASE.jar;D:\maven_work\maven_repository\org\thymeleaf\thymeleaf-spring5\3.0.12.RELEASE\thymeleaf-spring5-3.0.12.RELEASE.jar;D:\maven_work\maven_repository\org\thymeleaf\thymeleaf\3.0.12.RELEASE\thymeleaf-3.0.12.RELEASE.jar;D:\maven_work\maven_repository\org\attoparser\attoparser\2.0.5.RELEASE\attoparser-2.0.5.RELEASE.jar;D:\maven_work\maven_repository\org\unbescape\unbescape\1.1.6.RELEASE\unbescape-1.1.6.RELEASE.jar;D:\maven_work\maven_repository\org\slf4j\slf4j-api\1.7.31\slf4j-api-1.7.31.jar;D:\maven_work\maven_repository\org\thymeleaf\extras\thymeleaf-extras-java8time\3.0.4.RELEASE\thymeleaf-extras-java8time-3.0.4.RELEASE.jar;D:\maven_work\maven_repository\org\springframework\boot\spring-boot-starter-test\2.5.2\spring-boot-starter-test-2.5.2.jar;D:\maven_work\maven_repository\org\springframework\boot\spring-boot-test\2.5.2\spring-boot-test-2.5.2.jar;D:\maven_work\maven_repository\org\springframework\boot\spring-boot-test-autoconfigure\2.5.2\spring-boot-test-autoconfigure-2.5.2.jar;D:\maven_work\maven_repository\com\jayway\jsonpath\json-path\2.5.0\json-path-2.5.0.jar;D:\maven_work\maven_repository\net\minidev\json-smart\2.4.7\json-smart-2.4.7.jar;D:\maven_work\maven_repository\net\minidev\accessors-smart\2.4.7\accessors-smart-2.4.7.jar;D:\maven_work\maven_repository\org\ow2\asm\asm\9.1\asm-9.1.jar;D:\maven_work\maven_repository\jakarta\xml\bind\jakarta.xml.bind-api\2.3.3\jakarta.xml.bind-api-2.3.3.jar;D:\maven_work\maven_repository\jakarta\activation\jakarta.activation-api\1.2.2\jakarta.activation-api-1.2.2.jar;D:\maven_work\maven_repository\org\assertj\assertj-core\3.19.0\assertj-core-3.19.0.jar;D:\maven_work\maven_repository\org\hamcrest\hamcrest\2.2\hamcrest-2.2.jar;D:\maven_work\maven_repository\org\junit\jupiter\junit-jupiter\5.7.2\junit-jupiter-5.7.2.jar;D:\maven_work\maven_repository\org\junit\jupiter\junit-jupiter-api\5.7.2\junit-jupiter-api-5.7.2.jar;D:\maven_work\maven_repository\org\apiguardian\apiguardian-api\1.1.0\apiguardian-api-1.1.0.jar;D:\maven_work\maven_repository\org\opentest4j\opentest4j\1.2.0\opentest4j-1.2.0.jar;D:\maven_work\maven_repository\org\junit\platform\junit-platform-commons\1.7.2\junit-platform-commons-1.7.2.jar;D:\maven_work\maven_repository\org\junit\jupiter\junit-jupiter-params\5.7.2\junit-jupiter-params-5.7.2.jar;D:\maven_work\maven_repository\org\junit\jupiter\junit-jupiter-engine\5.7.2\junit-jupiter-engine-5.7.2.jar;D:\maven_work\maven_repository\org\junit\platform\junit-platform-engine\1.7.2\junit-platform-engine-1.7.2.jar;D:\maven_work\maven_repository\org\mockito\mockito-core\3.9.0\mockito-core-3.9.0.jar;D:\maven_work\maven_repository\net\bytebuddy\byte-buddy\1.10.22\byte-buddy-1.10.22.jar;D:\maven_work\maven_repository\net\bytebuddy\byte-buddy-agent\1.10.22\byte-buddy-agent-1.10.22.jar;D:\maven_work\maven_repository\org\objenesis\objenesis\3.2\objenesis-3.2.jar;D:\maven_work\maven_repository\org\mockito\mockito-junit-jupiter\3.9.0\mockito-junit-jupiter-3.9.0.jar;D:\maven_work\maven_repository\org\skyscreamer\jsonassert\1.5.0\jsonassert-1.5.0.jar;D:\maven_work\maven_repository\com\vaadin\external\google\android-json\0.0.20131108.vaadin1\android-json-0.0.20131108.vaadin1.jar;D:\maven_work\maven_repository\org\springframework\spring-core\5.3.8\spring-core-5.3.8.jar;D:\maven_work\maven_repository\org\springframework\spring-jcl\5.3.8\spring-jcl-5.3.8.jar;D:\maven_work\maven_repository\org\springframework\spring-test\5.3.8\spring-test-5.3.8.jar;D:\maven_work\maven_repository\org\xmlunit\xmlunit-core\2.8.2\xmlunit-core-2.8.2.jar;D:\maven_work\maven_repository\org\projectlombok\lombok\1.18.20\lombok-1.18.20.jar;D:\maven_work\maven_repository\com\squareup\okhttp3\okhttp\4.9.1\okhttp-4.9.1.jar;D:\maven_work\maven_repository\com\squareup\okio\okio\2.8.0\okio-2.8.0.jar;D:\maven_work\maven_repository\org\jetbrains\kotlin\kotlin-stdlib-common\1.5.20\kotlin-stdlib-common-1.5.20.jar;D:\maven_work\maven_repository\org\jetbrains\kotlin\kotlin-stdlib\1.5.20\kotlin-stdlib-1.5.20.jar;D:\maven_work\maven_repository\org\jetbrains\annotations\13.0\annotations-13.0.jar;"/>
    <property name="java.vm.vendor" value="Oracle Corporation"/>
    <property name="sun.arch.data.model" value="64"/>
    <property name="user.variant" value=""/>
    <property name="java.vendor.url" value="http://java.oracle.com/"/>
    <property name="user.timezone" value="Asia/Shanghai"/>
    <property name="java.vm.specification.version" value="1.8"/>
    <property name="os.name" value="Windows 10"/>
    <property name="user.country" value="CN"/>
    <property name="sun.java.launcher" value="SUN_STANDARD"/>
    <property name="sun.boot.library.path" value="D:\java\Java1.8.0_241\jdk\jre\bin"/>
    <property name="sun.java.command" value="C:\Users\lenovo\AppData\Local\Temp\surefire6006156770770676475\surefirebooter6207210732863622272.jar C:\Users\lenovo\AppData\Local\Temp\surefire6006156770770676475 2021-08-25T23-48-59_031-jvmRun1 surefire9016994532018666738tmp surefire_07755688112564442651tmp"/>
    <property name="surefire.test.class.path" value="E:\GitDemo\majiangcommunity\target\test-classes;E:\GitDemo\majiangcommunity\target\classes;D:\maven_work\maven_repository\org\springframework\boot\spring-boot-starter-web\2.5.2\spring-boot-starter-web-2.5.2.jar;D:\maven_work\maven_repository\org\springframework\boot\spring-boot-starter\2.5.2\spring-boot-starter-2.5.2.jar;D:\maven_work\maven_repository\org\springframework\boot\spring-boot\2.5.2\spring-boot-2.5.2.jar;D:\maven_work\maven_repository\org\springframework\boot\spring-boot-autoconfigure\2.5.2\spring-boot-autoconfigure-2.5.2.jar;D:\maven_work\maven_repository\org\springframework\boot\spring-boot-starter-logging\2.5.2\spring-boot-starter-logging-2.5.2.jar;D:\maven_work\maven_repository\ch\qos\logback\logback-classic\1.2.3\logback-classic-1.2.3.jar;D:\maven_work\maven_repository\ch\qos\logback\logback-core\1.2.3\logback-core-1.2.3.jar;D:\maven_work\maven_repository\org\apache\logging\log4j\log4j-to-slf4j\2.14.1\log4j-to-slf4j-2.14.1.jar;D:\maven_work\maven_repository\org\apache\logging\log4j\log4j-api\2.14.1\log4j-api-2.14.1.jar;D:\maven_work\maven_repository\org\slf4j\jul-to-slf4j\1.7.31\jul-to-slf4j-1.7.31.jar;D:\maven_work\maven_repository\jakarta\annotation\jakarta.annotation-api\1.3.5\jakarta.annotation-api-1.3.5.jar;D:\maven_work\maven_repository\org\yaml\snakeyaml\1.28\snakeyaml-1.28.jar;D:\maven_work\maven_repository\org\springframework\boot\spring-boot-starter-json\2.5.2\spring-boot-starter-json-2.5.2.jar;D:\maven_work\maven_repository\com\fasterxml\jackson\core\jackson-databind\2.12.3\jackson-databind-2.12.3.jar;D:\maven_work\maven_repository\com\fasterxml\jackson\core\jackson-annotations\2.12.3\jackson-annotations-2.12.3.jar;D:\maven_work\maven_repository\com\fasterxml\jackson\core\jackson-core\2.12.3\jackson-core-2.12.3.jar;D:\maven_work\maven_repository\com\fasterxml\jackson\datatype\jackson-datatype-jdk8\2.12.3\jackson-datatype-jdk8-2.12.3.jar;D:\maven_work\maven_repository\com\fasterxml\jackson\datatype\jackson-datatype-jsr310\2.12.3\jackson-datatype-jsr310-2.12.3.jar;D:\maven_work\maven_repository\com\fasterxml\jackson\module\jackson-module-parameter-names\2.12.3\jackson-module-parameter-names-2.12.3.jar;D:\maven_work\maven_repository\org\springframework\boot\spring-boot-starter-tomcat\2.5.2\spring-boot-starter-tomcat-2.5.2.jar;D:\maven_work\maven_repository\org\apache\tomcat\embed\tomcat-embed-core\9.0.48\tomcat-embed-core-9.0.48.jar;D:\maven_work\maven_repository\org\apache\tomcat\embed\tomcat-embed-el\9.0.48\tomcat-embed-el-9.0.48.jar;D:\maven_work\maven_repository\org\apache\tomcat\embed\tomcat-embed-websocket\9.0.48\tomcat-embed-websocket-9.0.48.jar;D:\maven_work\maven_repository\org\springframework\spring-web\5.3.8\spring-web-5.3.8.jar;D:\maven_work\maven_repository\org\springframework\spring-beans\5.3.8\spring-beans-5.3.8.jar;D:\maven_work\maven_repository\org\springframework\spring-webmvc\5.3.8\spring-webmvc-5.3.8.jar;D:\maven_work\maven_repository\org\springframework\spring-aop\5.3.8\spring-aop-5.3.8.jar;D:\maven_work\maven_repository\org\springframework\spring-context\5.3.8\spring-context-5.3.8.jar;D:\maven_work\maven_repository\org\springframework\spring-expression\5.3.8\spring-expression-5.3.8.jar;D:\maven_work\maven_repository\org\springframework\boot\spring-boot-starter-thymeleaf\2.2.4.RELEASE\spring-boot-starter-thymeleaf-2.2.4.RELEASE.jar;D:\maven_work\maven_repository\org\thymeleaf\thymeleaf-spring5\3.0.12.RELEASE\thymeleaf-spring5-3.0.12.RELEASE.jar;D:\maven_work\maven_repository\org\thymeleaf\thymeleaf\3.0.12.RELEASE\thymeleaf-3.0.12.RELEASE.jar;D:\maven_work\maven_repository\org\attoparser\attoparser\2.0.5.RELEASE\attoparser-2.0.5.RELEASE.jar;D:\maven_work\maven_repository\org\unbescape\unbescape\1.1.6.RELEASE\unbescape-1.1.6.RELEASE.jar;D:\maven_work\maven_repository\org\slf4j\slf4j-api\1.7.31\slf4j-api-1.7.31.jar;D:\maven_work\maven_repository\org\thymeleaf\extras\thymeleaf-extras-java8time\3.0.4.RELEASE\thymeleaf-extras-java8time-3.0.4.RELEASE.jar;D:\maven_work\maven_repository\org\springframework\boot\spring-boot-starter-test\2.5.2\spring-boot-starter-test-2.5.2.jar;D:\maven_work\maven_repository\org\springframework\boot\spring-boot-test\2.5.2\spring-boot-test-2.5.2.jar;D:\maven_work\maven_repository\org\springframework\boot\spring-boot-test-autoconfigure\2.5.2\spring-boot-test-autoconfigure-2.5.2.jar;D:\maven_work\maven_repository\com\jayway\jsonpath\json-path\2.5.0\json-path-2.5.0.jar;D:\maven_work\maven_repository\net\minidev\json-smart\2.4.7\json-smart-2.4.7.jar;D:\maven_work\maven_repository\net\minidev\accessors-smart\2.4.7\accessors-smart-2.4.7.jar;D:\maven_work\maven_repository\org\ow2\asm\asm\9.1\asm-9.1.jar;D:\maven_work\maven_repository\jakarta\xml\bind\jakarta.xml.bind-api\2.3.3\jakarta.xml.bind-api-2.3.3.jar;D:\maven_work\maven_repository\jakarta\activation\jakarta.activation-api\1.2.2\jakarta.activation-api-1.2.2.jar;D:\maven_work\maven_repository\org\assertj\assertj-core\3.19.0\assertj-core-3.19.0.jar;D:\maven_work\maven_repository\org\hamcrest\hamcrest\2.2\hamcrest-2.2.jar;D:\maven_work\maven_repository\org\junit\jupiter\junit-jupiter\5.7.2\junit-jupiter-5.7.2.jar;D:\maven_work\maven_repository\org\junit\jupiter\junit-jupiter-api\5.7.2\junit-jupiter-api-5.7.2.jar;D:\maven_work\maven_repository\org\apiguardian\apiguardian-api\1.1.0\apiguardian-api-1.1.0.jar;D:\maven_work\maven_repository\org\opentest4j\opentest4j\1.2.0\opentest4j-1.2.0.jar;D:\maven_work\maven_repository\org\junit\platform\junit-platform-commons\1.7.2\junit-platform-commons-1.7.2.jar;D:\maven_work\maven_repository\org\junit\jupiter\junit-jupiter-params\5.7.2\junit-jupiter-params-5.7.2.jar;D:\maven_work\maven_repository\org\junit\jupiter\junit-jupiter-engine\5.7.2\junit-jupiter-engine-5.7.2.jar;D:\maven_work\maven_repository\org\junit\platform\junit-platform-engine\1.7.2\junit-platform-engine-1.7.2.jar;D:\maven_work\maven_repository\org\mockito\mockito-core\3.9.0\mockito-core-3.9.0.jar;D:\maven_work\maven_repository\net\bytebuddy\byte-buddy\1.10.22\byte-buddy-1.10.22.jar;D:\maven_work\maven_repository\net\bytebuddy\byte-buddy-agent\1.10.22\byte-buddy-agent-1.10.22.jar;D:\maven_work\maven_repository\org\objenesis\objenesis\3.2\objenesis-3.2.jar;D:\maven_work\maven_repository\org\mockito\mockito-junit-jupiter\3.9.0\mockito-junit-jupiter-3.9.0.jar;D:\maven_work\maven_repository\org\skyscreamer\jsonassert\1.5.0\jsonassert-1.5.0.jar;D:\maven_work\maven_repository\com\vaadin\external\google\android-json\0.0.20131108.vaadin1\android-json-0.0.20131108.vaadin1.jar;D:\maven_work\maven_repository\org\springframework\spring-core\5.3.8\spring-core-5.3.8.jar;D:\maven_work\maven_repository\org\springframework\spring-jcl\5.3.8\spring-jcl-5.3.8.jar;D:\maven_work\maven_repository\org\springframework\spring-test\5.3.8\spring-test-5.3.8.jar;D:\maven_work\maven_repository\org\xmlunit\xmlunit-core\2.8.2\xmlunit-core-2.8.2.jar;D:\maven_work\maven_repository\org\projectlombok\lombok\1.18.20\lombok-1.18.20.jar;D:\maven_work\maven_repository\com\squareup\okhttp3\okhttp\4.9.1\okhttp-4.9.1.jar;D:\maven_work\maven_repository\com\squareup\okio\okio\2.8.0\okio-2.8.0.jar;D:\maven_work\maven_repository\org\jetbrains\kotlin\kotlin-stdlib-common\1.5.20\kotlin-stdlib-common-1.5.20.jar;D:\maven_work\maven_repository\org\jetbrains\kotlin\kotlin-stdlib\1.5.20\kotlin-stdlib-1.5.20.jar;D:\maven_work\maven_repository\org\jetbrains\annotations\13.0\annotations-13.0.jar;"/>
    <property name="sun.cpu.endian" value="little"/>
    <property name="user.home" value="C:\Users\lenovo"/>
    <property name="user.language" value="zh"/>
    <property name="java.specification.vendor" value="Oracle Corporation"/>
    <property name="java.home" value="D:\java\Java1.8.0_241\jdk\jre"/>
    <property name="basedir" value="E:\GitDemo\majiangcommunity"/>
    <property name="file.separator" value="\"/>
    <property name="line.separator" value="&#10;"/>
    <property name="java.vm.specification.vendor" value="Oracle Corporation"/>
    <property name="java.specification.name" value="Java Platform API Specification"/>
    <property name="java.awt.graphicsenv" value="sun.awt.Win32GraphicsEnvironment"/>
    <property name="surefire.real.class.path" value="C:\Users\lenovo\AppData\Local\Temp\surefire6006156770770676475\surefirebooter6207210732863622272.jar"/>
    <property name="sun.boot.class.path" value="D:\java\Java1.8.0_241\jdk\jre\lib\resources.jar;D:\java\Java1.8.0_241\jdk\jre\lib\rt.jar;D:\java\Java1.8.0_241\jdk\jre\lib\sunrsasign.jar;D:\java\Java1.8.0_241\jdk\jre\lib\jsse.jar;D:\java\Java1.8.0_241\jdk\jre\lib\jce.jar;D:\java\Java1.8.0_241\jdk\jre\lib\charsets.jar;D:\java\Java1.8.0_241\jdk\jre\lib\jfr.jar;D:\java\Java1.8.0_241\jdk\jre\classes"/>
    <property name="user.script" value=""/>
    <property name="sun.management.compiler" value="HotSpot 64-Bit Tiered Compilers"/>
    <property name="java.runtime.version" value="1.8.0_241-b07"/>
    <property name="user.name" value="lenovo"/>
    <property name="path.separator" value=";"/>
    <property name="os.version" value="10.0"/>
    <property name="java.endorsed.dirs" value="D:\java\Java1.8.0_241\jdk\jre\lib\endorsed"/>
    <property name="java.runtime.name" value="Java(TM) SE Runtime Environment"/>
    <property name="file.encoding" value="GBK"/>
    <property name="java.vm.name" value="Java HotSpot(TM) 64-Bit Server VM"/>
    <property name="localRepository" value="D:\maven_work\maven_repository"/>
    <property name="java.vendor.url.bug" value="http://bugreport.sun.com/bugreport/"/>
    <property name="java.io.tmpdir" value="C:\Users\lenovo\AppData\Local\Temp\"/>
    <property name="idea.version" value="2021.1.1"/>
    <property name="java.version" value="1.8.0_241"/>
    <property name="user.dir" value="E:\GitDemo\majiangcommunity"/>
    <property name="os.arch" value="amd64"/>
    <property name="java.vm.specification.name" value="Java Virtual Machine Specification"/>
    <property name="java.awt.printerjob" value="sun.awt.windows.WPrinterJob"/>
    <property name="sun.os.patch.level" value=""/>
    <property name="java.library.path" value="D:\java\Java1.8.0_241\jdk\jre\bin;C:\Windows\Sun\Java\bin;C:\Windows\system32;C:\Windows;D:\maven_work\apache-maven-3.8.1\bin;D:\java\Java1.8.0_241\jdk\bin;D:\app\lenovo\product\11.2.0\dbhome_1\bin;C:\ProgramData\Oracle\Java\javapath;E:\app\lenovo\product\11.2.0\dbhome_1\bin;C:\Program Files (x86)\Common Files\Oracle\Java\javapath;C:\Windows\system32;C:\Windows;C:\Windows\System32\Wbem;C:\Windows\System32\WindowsPowerShell\v1.0\;C:\Windows\System32\OpenSSH\;C:\Program Files (x86)\NVIDIA Corporation\PhysX\Common;C:\Program Files\NVIDIA Corporation\NVIDIA NvDLISR;D:\Android\SDK;D:\Android\SDK\platform-tools;;E:\SVN\bin;E:\TortoisesSVN\bin;D:\Program Files\nodejs\;D:\Putty\;D:\WinSCP\WinSCP\;E:\server\mysql\bin;E:\GitEnviroment\Git\cmd;C:\Users\lenovo\AppData\Local\Programs\Python\Python36\Scripts\;C:\Users\lenovo\AppData\Local\Programs\Python\Python36\;C:\Users\lenovo\AppData\Local\Microsoft\WindowsApps;E:\PyCharm 2018.3.4\bin;C:\Users\lenovo\AppData\Local\Google\Chrome\Application;C:\Users\lenovo\AppData\Roaming\npm;C:\Users\lenovo\AppData\Local\GitHubDesktop\bin;E:\idea\IntelliJ IDEA 2021.1.1\bin;;E:\WebStorm\webstrom\WebStorm 2018.3.2\bin;;."/>
    <property name="java.vm.info" value="mixed mode"/>
    <property name="java.vendor" value="Oracle Corporation"/>
    <property name="java.vm.version" value="25.241-b07"/>
    <property name="java.ext.dirs" value="D:\java\Java1.8.0_241\jdk\jre\lib\ext;C:\Windows\Sun\Java\lib\ext"/>
    <property name="sun.io.unicode.encoding" value="UnicodeLittle"/>
    <property name="maven.repo.local" value="D:\maven_work\maven_repository"/>
    <property name="java.class.version" value="52.0"/>
  </properties>
  <testcase name="contextLoads" classname="com.majianglearn.majiangcommunity.MajiangcommunityApplicationTests" time="0.174"/>
</testsuite>